Aug 22, 2019 1:26:27 AM java.util.logging.LogManager$RootLogger log
INFO: Start of solver :getSolution() : Thu Aug 22 01:26:27 BST 2019


Aug 22, 2019 1:26:27 AM java.util.logging.LogManager$RootLogger log
INFO: 
timeout(solve_mapping_problem([ 
reserved([p,0,pad,14],'cpu_ctrl_xmc1$01695105704$0'),
reserved([p,0,pad,15],'cpu_ctrl_xmc1$01695105703$0'),
reserved([cpu,0,exception,hardfault],'cpu_ctrl_xmc1$1199990160$0'),
reserved([scu,0,dco,_],'clock_xmc1$1911737770$0'),
reserved([scu,0,ccu,config],'clock_xmc1$01005053461$0'),
reserved([usic,_,channel,_],'i2c_master$1831132142$0'),
reserved([cpu,0,nvic,interrupt,_],'i2c_master$1291447355$0'),
reserved([cpu,0,nvic,interrupt,_],'i2c_master$1291447293$0'),
reserved([p,_,pad,_],'i2c_master$495971289$0'),
reserved([p,_,pad,_],'i2c_master$495971269$0'),
reserved([devicepackage,0,_],'i2c_master$01290280497$0'),
uri([devicepackage,0,7],'i2c_master$01290280497$0'),
reserved([devicepackage,0,_],'i2c_master$01290280517$0'),
uri([devicepackage,0,8],'i2c_master$01290280517$0'),
reserved([cpu,0,systick],'systimer$311368292$0'),
reserved([p,DIGITAL_IO0sv0,pad,_],'digital_io$01310748862$0'),
reserved([devicepackage,0,_],'digital_io$1882167628$0'),
uri([devicepackage,0,17],'digital_io$1882167628$0'),
reserved([p,DIGITAL_IO1sv0,pad,_],'digital_io$01821283039$1'),
reserved([devicepackage,0,_],'digital_io$0155888661$1'),
uri([devicepackage,0,18],'digital_io$0155888661$1'),
reserved([p,DIGITAL_IO2sv0,pad,_],'digital_io$1963150080$2'),
reserved([devicepackage,0,_],'digital_io$2101022346$2'),
uri([devicepackage,0,19],'digital_io$2101022346$2'),
reserved([p,DIGITAL_IO3sv0,pad,_],'digital_io$1452615903$3'),
reserved([devicepackage,0,_],'digital_io$62966057$3'),
uri([devicepackage,0,20],'digital_io$62966057$3'),
reserved([p,DIGITAL_IO4sv0,pad,_],'digital_io$942081726$4'),
reserved([devicepackage,0,_],'digital_io$01975090232$4'),
uri([devicepackage,0,1],'digital_io$01975090232$4'),
reserved([p,DIGITAL_IO5sv0,pad,_],'digital_io$431547549$5'),
reserved([devicepackage,0,_],'digital_io$281820775$5'),
uri([devicepackage,0,4],'digital_io$281820775$5'),
reserved([p,DIGITAL_IO6sv0,pad,_],'digital_io$078986628$6'),
reserved([devicepackage,0,_],'digital_io$01756235514$6'),
uri([devicepackage,0,13],'digital_io$01756235514$6'),
reserved([ccu4,GLOBAL_CCU40sv0,global],'global_ccu4$595667498$0'),
reserved([scu,_,gcu,ccu4_global_enable,GLOBAL_CCU40sv0],'global_ccu4$507149432$0'),
reserved([ccu4,_,cc4,_],'pwm_ccu4$499502495$0'),
reserved([p,_,pad,_],'pwm_ccu4$1086477068$0'),
reserved([devicepackage,0,_],'pwm_ccu4$01856469674$0'),
uri([devicepackage,0,16],'pwm_ccu4$01856469674$0'),
signal('clock_xmc1$1911737770$0',clkout,'clock_xmc1$1911737770$0$clkout'),
signal('clock_xmc1$01005053461$0',frtc,'clock_xmc1$01005053461$0$frtc'),
signal('i2c_master$495971289$0',pad,'i2c_master$495971289$0$pad'),
signal('i2c_master$495971269$0',pad,'i2c_master$495971269$0$pad'),
signal('i2c_master$1831132142$0',dout0,'i2c_master$1831132142$0$dout0'),
signal('i2c_master$1831132142$0',dx0ins,'i2c_master$1831132142$0$dx0ins'),
signal('i2c_master$1831132142$0',dx1ins,'i2c_master$1831132142$0$dx1ins'),
signal('i2c_master$1831132142$0',sclkout,'i2c_master$1831132142$0$sclkout'),
signal('i2c_master$1831132142$0',standard_transmit_buffer_int,'i2c_master$1831132142$0$standard_transmit_buffer_int'),
signal('i2c_master$1831132142$0',standard_receive_buffer_int,'i2c_master$1831132142$0$standard_receive_buffer_int'),
signal('i2c_master$1831132142$0',alternate_receive_buffer_int,'i2c_master$1831132142$0$alternate_receive_buffer_int'),
signal('i2c_master$1831132142$0',protocol_specific_int,'i2c_master$1831132142$0$protocol_specific_int'),
signal('i2c_master$1291447355$0',signal_in,'i2c_master$1291447355$0$signal_in'),
signal('i2c_master$1291447293$0',signal_in,'i2c_master$1291447293$0$signal_in'),
signal('i2c_master$01290280497$0',pin,'i2c_master$01290280497$0$pin'),
signal('i2c_master$01290280517$0',pin,'i2c_master$01290280517$0$pin'),
signal('digital_io$01310748862$0',pad,'digital_io$01310748862$0$pad'),
signal('digital_io$1882167628$0',pin,'digital_io$1882167628$0$pin'),
signal('digital_io$01821283039$1',pad,'digital_io$01821283039$1$pad'),
signal('digital_io$0155888661$1',pin,'digital_io$0155888661$1$pin'),
signal('digital_io$1963150080$2',pad,'digital_io$1963150080$2$pad'),
signal('digital_io$2101022346$2',pin,'digital_io$2101022346$2$pin'),
signal('digital_io$1452615903$3',pad,'digital_io$1452615903$3$pad'),
signal('digital_io$62966057$3',pin,'digital_io$62966057$3$pin'),
signal('digital_io$942081726$4',pad,'digital_io$942081726$4$pad'),
signal('digital_io$01975090232$4',pin,'digital_io$01975090232$4$pin'),
signal('digital_io$431547549$5',pad,'digital_io$431547549$5$pad'),
signal('digital_io$281820775$5',pin,'digital_io$281820775$5$pin'),
signal('digital_io$078986628$6',swreg_out,'digital_io$078986628$6$swreg_out'),
signal('digital_io$078986628$6',pad,'digital_io$078986628$6$pad'),
signal('digital_io$01756235514$6',pin,'digital_io$01756235514$6$pin'),
signal('global_ccu4$595667498$0',global_signal,'global_ccu4$595667498$0$global_signal'),
signal('global_ccu4$595667498$0',clk,'global_ccu4$595667498$0$clk'),
signal('global_ccu4$507149432$0',gsc_enable,'global_ccu4$507149432$0$gsc_enable'),
signal('pwm_ccu4$499502495$0',global_signal,'pwm_ccu4$499502495$0$global_signal'),
signal('pwm_ccu4$499502495$0',st,'pwm_ccu4$499502495$0$st'),
signal('pwm_ccu4$499502495$0',out,'pwm_ccu4$499502495$0$out'),
signal('pwm_ccu4$499502495$0',gp0_unsync,'pwm_ccu4$499502495$0$gp0_unsync'),
signal('pwm_ccu4$499502495$0',gp1_unsync,'pwm_ccu4$499502495$0$gp1_unsync'),
signal('pwm_ccu4$499502495$0',gp2_unsync,'pwm_ccu4$499502495$0$gp2_unsync'),
signal('pwm_ccu4$499502495$0',gp0,'pwm_ccu4$499502495$0$gp0'),
signal('pwm_ccu4$499502495$0',gp1,'pwm_ccu4$499502495$0$gp1'),
signal('pwm_ccu4$499502495$0',gp2,'pwm_ccu4$499502495$0$gp2'),
signal('pwm_ccu4$499502495$0',ps,'pwm_ccu4$499502495$0$ps'),
signal('pwm_ccu4$499502495$0',mci,'pwm_ccu4$499502495$0$mci'),
signal('pwm_ccu4$499502495$0',mcss,'pwm_ccu4$499502495$0$mcss'),
signal('pwm_ccu4$1086477068$0',pad,'pwm_ccu4$1086477068$0$pad'),
signal('pwm_ccu4$01856469674$0',pin,'pwm_ccu4$01856469674$0$pin'),
connected('clock_xmc1$1911737770$0$clkout','clock_xmc1$01005053461$0$frtc',1),
connected('i2c_master$01290280517$0$pin','i2c_master$495971269$0$pad',1),
connected('i2c_master$01290280497$0$pin','i2c_master$495971289$0$pad',1),
connected('i2c_master$1831132142$0$sclkout','i2c_master$495971269$0$pad',1),
connected('i2c_master$1831132142$0$dout0','i2c_master$495971289$0$pad',1),
connected('i2c_master$1831132142$0$alternate_receive_buffer_int','i2c_master$1291447293$0$signal_in',1),
connected('i2c_master$1831132142$0$standard_receive_buffer_int','i2c_master$1291447293$0$signal_in',1),
connected('i2c_master$1831132142$0$standard_transmit_buffer_int','i2c_master$1291447355$0$signal_in',1),
connected('i2c_master$495971269$0$pad','i2c_master$01290280517$0$pin',1),
connected('i2c_master$495971269$0$pad','i2c_master$1831132142$0$dx1ins',1),
connected('i2c_master$495971289$0$pad','i2c_master$01290280497$0$pin',1),
connected('i2c_master$495971289$0$pad','i2c_master$1831132142$0$dx0ins',1),
connected('digital_io$1882167628$0$pin','digital_io$01310748862$0$pad',1),
connected('digital_io$01310748862$0$pad','digital_io$1882167628$0$pin',1),
connected('digital_io$0155888661$1$pin','digital_io$01821283039$1$pad',1),
connected('digital_io$01821283039$1$pad','digital_io$0155888661$1$pin',1),
connected('digital_io$2101022346$2$pin','digital_io$1963150080$2$pad',1),
connected('digital_io$1963150080$2$pad','digital_io$2101022346$2$pin',1),
connected('digital_io$62966057$3$pin','digital_io$1452615903$3$pad',1),
connected('digital_io$1452615903$3$pad','digital_io$62966057$3$pin',1),
connected('digital_io$01975090232$4$pin','digital_io$942081726$4$pad',1),
connected('digital_io$942081726$4$pad','digital_io$01975090232$4$pin',1),
connected('digital_io$281820775$5$pin','digital_io$431547549$5$pad',1),
connected('digital_io$431547549$5$pad','digital_io$281820775$5$pin',1),
connected('digital_io$01756235514$6$pin','digital_io$078986628$6$pad',1),
connected('digital_io$078986628$6$pad','digital_io$01756235514$6$pin',1),
connected('global_ccu4$595667498$0$global_signal','pwm_ccu4$499502495$0$global_signal',1),
connected('pwm_ccu4$01856469674$0$pin','pwm_ccu4$1086477068$0$pad',1),
connected('pwm_ccu4$499502495$0$out','pwm_ccu4$1086477068$0$pad',1),
connected('pwm_ccu4$1086477068$0$pad','pwm_ccu4$01856469674$0$pin',1),
uri_element_range(DIGITAL_IO1sv0,[0, 1, 2, 3, 4]),
uri_element_range(DIGITAL_IO6sv0,[0, 1, 2, 3, 4]),
register_value('digital_io$078986628$6',iocr_oe,1),
register_value('i2c_master$1831132142$0',tbctr_size,4),
register_value('i2c_master$1831132142$0',rbctr_size,4),
uri_element_range(DIGITAL_IO5sv0,[0, 1, 2, 3, 4]),
uri_element_range(DIGITAL_IO0sv0,[0, 1, 2, 3, 4]),
uri_element_range(DIGITAL_IO3sv0,[0, 1, 2, 3, 4]),
uri_element_range(DIGITAL_IO4sv0,[0, 1, 2, 3, 4]),
uri_element_range(DIGITAL_IO2sv0,[0, 1, 2, 3, 4])
 ],Vars,Regs,Appslocalvars),15,writeln(timeout),all_solution, Timer, Due, Remainder).



Aug 22, 2019 1:26:27 AM java.util.logging.LogManager$RootLogger log
INFO: 
End of solver : getSolution() :  Difference in ms 62


Aug 22, 2019 1:26:27 AM java.util.logging.LogManager$RootLogger log
INFO: [/scu/0/ccu/config, /clock_xmc1$01005053461$0, /scu/0/dco/2, /clock_xmc1$1911737770$0, /p/0/pad/15, /cpu_ctrl_xmc1$01695105703$0, /p/0/pad/14, /cpu_ctrl_xmc1$01695105704$0, /cpu/0/exception/hardfault, /cpu_ctrl_xmc1$1199990160$0, /p/0/pad/6, /digital_io$01310748862$0, /devicepackage/0/18, /digital_io$0155888661$1, /devicepackage/0/13, /digital_io$01756235514$6, /p/0/pad/7, /digital_io$01821283039$1, /devicepackage/0/1, /digital_io$01975090232$4, /p/1/pad/1, /digital_io$078986628$6, /p/0/pad/9, /digital_io$1452615903$3, /devicepackage/0/17, /digital_io$1882167628$0, /p/0/pad/8, /digital_io$1963150080$2, /devicepackage/0/19, /digital_io$2101022346$2, /devicepackage/0/4, /digital_io$281820775$5, /p/2/pad/6, /digital_io$431547549$5, /devicepackage/0/20, /digital_io$62966057$3, /p/2/pad/0, /digital_io$942081726$4, /scu/0/gcu/ccu4_global_enable/0, /global_ccu4$507149432$0, /ccu4/0/global, /global_ccu4$595667498$0, /devicepackage/0/7, /i2c_master$01290280497$0, /devicepackage/0/8, /i2c_master$01290280517$0, /cpu/0/nvic/interrupt/10, /i2c_master$1291447293$0, /cpu/0/nvic/interrupt/11, /i2c_master$1291447355$0, /usic/0/channel/1, /i2c_master$1831132142$0, /p/2/pad/11, /i2c_master$495971269$0, /p/2/pad/10, /i2c_master$495971289$0, /devicepackage/0/16, /pwm_ccu4$01856469674$0, /p/0/pad/5, /pwm_ccu4$1086477068$0, /ccu4/0/cc4/0, /pwm_ccu4$499502495$0, /cpu/0/systick, /systimer$311368292$0]


Aug 22, 2019 1:26:27 AM java.util.logging.LogManager$RootLogger log
INFO: [/p/1/pad/0/iocr_pcr, /0, /p/1/pad/0/iocr_oe, /0, /p/1/pad/0/hwsel_hw, /0, /p/1/pad/1/iocr_pcr, /0, /p/1/pad/1/iocr_oe, /1, /p/1/pad/1/hwsel_hw, /0, /p/1/pad/2/iocr_pcr, /0, /p/1/pad/2/iocr_oe, /0, /p/1/pad/2/hwsel_hw, /0, /p/1/pad/3/iocr_pcr, /0, /p/1/pad/3/iocr_oe, /0, /p/1/pad/3/hwsel_hw, /0, /p/2/pad/2/iocr_pcr, /0, /p/2/pad/2/iocr_oe, /0, /p/2/pad/2/hwsel_hw, /0, /p/2/pad/2/pdisc_pdis, /1, /p/2/pad/6/iocr_pcr, /0, /p/2/pad/6/iocr_oe, /0, /p/2/pad/6/hwsel_hw, /0, /p/2/pad/6/pdisc_pdis, /1, /p/2/pad/7/iocr_pcr, /0, /p/2/pad/7/iocr_oe, /0, /p/2/pad/7/hwsel_hw, /0, /p/2/pad/7/pdisc_pdis, /1, /p/2/pad/8/iocr_pcr, /0, /p/2/pad/8/iocr_oe, /0, /p/2/pad/8/hwsel_hw, /0, /p/2/pad/8/pdisc_pdis, /1, /p/2/pad/9/iocr_pcr, /0, /p/2/pad/9/iocr_oe, /0, /p/2/pad/9/hwsel_hw, /0, /p/2/pad/9/pdisc_pdis, /1, /p/0/pad/0/iocr_pcr, /0, /p/0/pad/0/iocr_oe, /0, /p/0/pad/0/hwsel_hw, /0, /p/0/pad/12/iocr_pcr, /0, /p/0/pad/12/iocr_oe, /0, /p/0/pad/12/hwsel_hw, /0, /p/0/pad/13/iocr_pcr, /0, /p/0/pad/13/iocr_oe, /0, /p/0/pad/13/hwsel_hw, /0, /p/0/pad/14/iocr_pcr, /0, /p/0/pad/14/iocr_oe, /0, /p/0/pad/14/hwsel_hw, /0, /p/0/pad/15/iocr_pcr, /0, /p/0/pad/15/iocr_oe, /0, /p/0/pad/15/hwsel_hw, /0, /p/0/pad/5/iocr_pcr, /4, /p/0/pad/5/iocr_oe, /1, /p/0/pad/5/hwsel_hw, /0, /p/0/pad/6/iocr_pcr, /0, /p/0/pad/6/iocr_oe, /0, /p/0/pad/6/hwsel_hw, /0, /p/0/pad/7/iocr_pcr, /0, /p/0/pad/7/iocr_oe, /0, /p/0/pad/7/hwsel_hw, /0, /p/0/pad/8/iocr_pcr, /0, /p/0/pad/8/iocr_oe, /0, /p/0/pad/8/hwsel_hw, /0, /p/0/pad/9/iocr_pcr, /0, /p/0/pad/9/iocr_oe, /0, /p/0/pad/9/hwsel_hw, /0, /p/2/pad/0/iocr_pcr, /0, /p/2/pad/0/iocr_oe, /0, /p/2/pad/0/hwsel_hw, /0, /p/2/pad/0/pdisc_pdis, /1, /p/2/pad/1/iocr_pcr, /0, /p/2/pad/1/iocr_oe, /0, /p/2/pad/1/hwsel_hw, /0, /p/2/pad/1/pdisc_pdis, /1, /p/2/pad/10/iocr_pcr, /7, /p/2/pad/10/iocr_oe, /1, /p/2/pad/10/hwsel_hw, /0, /p/2/pad/10/pdisc_pdis, /0, /p/2/pad/11/iocr_pcr, /6, /p/2/pad/11/iocr_oe, /1, /p/2/pad/11/hwsel_hw, /0, /p/2/pad/11/pdisc_pdis, /0, /ccu4/0/cc4/0/srs_cmsr, /0, /ccu4/0/cc4/0/srs_e0sr, /0, /ccu4/0/cc4/0/srs_e1sr, /0, /ccu4/0/cc4/0/srs_e2sr, /0, /ccu4/0/cc4/0/ins_ev0is, /0, /ccu4/0/cc4/0/ins_ev1is, /0, /ccu4/0/cc4/0/ins_ev2is, /0, /ccu4/0/cc4/0/srs_posr, /0, /ccu4/0/cc4/1/srs_cmsr, /0, /ccu4/0/cc4/1/srs_e0sr, /0, /ccu4/0/cc4/1/srs_e1sr, /0, /ccu4/0/cc4/1/srs_e2sr, /0, /ccu4/0/cc4/1/ins_ev0is, /0, /ccu4/0/cc4/1/ins_ev1is, /0, /ccu4/0/cc4/1/ins_ev2is, /0, /ccu4/0/cc4/1/srs_posr, /0, /ccu4/0/cc4/1/cmc_tce, /0, /ccu4/0/cc4/2/srs_cmsr, /0, /ccu4/0/cc4/2/srs_e0sr, /0, /ccu4/0/cc4/2/srs_e1sr, /0, /ccu4/0/cc4/2/srs_e2sr, /0, /ccu4/0/cc4/2/ins_ev0is, /0, /ccu4/0/cc4/2/ins_ev1is, /0, /ccu4/0/cc4/2/ins_ev2is, /0, /ccu4/0/cc4/2/srs_posr, /0, /ccu4/0/cc4/2/cmc_tce, /0, /ccu4/0/cc4/3/srs_cmsr, /0, /ccu4/0/cc4/3/srs_e0sr, /0, /ccu4/0/cc4/3/srs_e1sr, /0, /ccu4/0/cc4/3/srs_e2sr, /0, /ccu4/0/cc4/3/ins_ev0is, /0, /ccu4/0/cc4/3/ins_ev1is, /0, /ccu4/0/cc4/3/ins_ev2is, /0, /ccu4/0/cc4/3/srs_posr, /0, /ccu4/0/cc4/3/cmc_tce, /0, /ccu4/0/global/gctrl_pcis, /0, /cpu/0/nvic/interrupt/0/iser_setena, /0, /cpu/0/nvic/interrupt/1/iser_setena, /0, /cpu/0/nvic/interrupt/10/iser_setena, /1, /cpu/0/nvic/interrupt/11/iser_setena, /1, /cpu/0/nvic/interrupt/12/iser_setena, /0, /cpu/0/nvic/interrupt/13/iser_setena, /0, /cpu/0/nvic/interrupt/14/iser_setena, /0, /cpu/0/nvic/interrupt/15/iser_setena, /0, /cpu/0/nvic/interrupt/16/iser_setena, /0, /cpu/0/nvic/interrupt/17/iser_setena, /0, /cpu/0/nvic/interrupt/18/iser_setena, /0, /cpu/0/nvic/interrupt/19/iser_setena, /0, /cpu/0/nvic/interrupt/2/iser_setena, /0, /cpu/0/nvic/interrupt/20/iser_setena, /0, /cpu/0/nvic/interrupt/21/iser_setena, /0, /cpu/0/nvic/interrupt/22/iser_setena, /0, /cpu/0/nvic/interrupt/23/iser_setena, /0, /cpu/0/nvic/interrupt/24/iser_setena, /0, /cpu/0/nvic/interrupt/25/iser_setena, /0, /cpu/0/nvic/interrupt/26/iser_setena, /0, /cpu/0/nvic/interrupt/27/iser_setena, /0, /cpu/0/nvic/interrupt/28/iser_setena, /0, /cpu/0/nvic/interrupt/29/iser_setena, /0, /cpu/0/nvic/interrupt/3/iser_setena, /0, /cpu/0/nvic/interrupt/30/iser_setena, /0, /cpu/0/nvic/interrupt/31/iser_setena, /0, /cpu/0/nvic/interrupt/4/iser_setena, /0, /cpu/0/nvic/interrupt/5/iser_setena, /0, /cpu/0/nvic/interrupt/6/iser_setena, /0, /cpu/0/nvic/interrupt/7/iser_setena, /0, /cpu/0/nvic/interrupt/9/iser_setena, /0, /eru/0/ers_etl/0/exicon_pe, /0, /eru/0/ers_etl/0/exicon_ocs, /0, /eru/0/ers_etl/0/exisel_exsxb, /0, /eru/0/ers_etl/0/exisel_exsxa, /0, /eru/0/ers_etl/1/exicon_pe, /0, /eru/0/ers_etl/1/exicon_ocs, /0, /eru/0/ers_etl/1/exisel_exsxb, /0, /eru/0/ers_etl/1/exisel_exsxa, /0, /eru/0/ers_etl/2/exicon_pe, /0, /eru/0/ers_etl/2/exicon_ocs, /0, /eru/0/ers_etl/2/exisel_exsxb, /0, /eru/0/ers_etl/2/exisel_exsxa, /0, /eru/0/ers_etl/3/exicon_pe, /0, /eru/0/ers_etl/3/exicon_ocs, /0, /eru/0/ers_etl/3/exisel_exsxb, /0, /eru/0/ers_etl/3/exisel_exsxa, /0, /eru/0/ogu/0/exocon_iss, /0, /eru/0/ogu/0/exocon_ipen0, /0, /eru/0/ogu/0/exocon_ipen1, /0, /eru/0/ogu/0/exocon_ipen2, /0, /eru/0/ogu/0/exocon_ipen3, /0, /eru/0/ogu/1/exocon_iss, /0, /eru/0/ogu/1/exocon_ipen0, /0, /eru/0/ogu/1/exocon_ipen1, /0, /eru/0/ogu/1/exocon_ipen2, /0, /eru/0/ogu/1/exocon_ipen3, /0, /eru/0/ogu/2/exocon_iss, /0, /eru/0/ogu/2/exocon_ipen0, /0, /eru/0/ogu/2/exocon_ipen1, /0, /eru/0/ogu/2/exocon_ipen2, /0, /eru/0/ogu/2/exocon_ipen3, /0, /eru/0/ogu/3/exocon_iss, /0, /eru/0/ogu/3/exocon_ipen0, /0, /eru/0/ogu/3/exocon_ipen1, /0, /eru/0/ogu/3/exocon_ipen2, /0, /eru/0/ogu/3/exocon_ipen3, /0, /scu/0/ccu/config/clkcr_rtcclksel, /0, /usic/0/channel/0/ccr_hpcen, /0, /usic/0/channel/0/dx1cr_dsel, /0, /usic/0/channel/0/dx0cr_dsel, /0, /usic/0/channel/0/dx5cr_dsel, /0, /usic/0/channel/0/dx3cr_dsel, /0, /usic/0/channel/0/dx4cr_dsel, /0, /usic/0/channel/0/dx2cr_dsel, /0, /usic/0/channel/0/rbctr_arbien, /0, /usic/0/channel/0/rbctr_arbinp, /0, /usic/0/channel/0/ccr_aien, /0, /usic/0/channel/0/inpr_ainp, /0, /usic/0/channel/0/ccr_brgien, /0, /usic/0/channel/0/inpr_pinp, /0, /usic/0/channel/0/ccr_dlien, /0, /usic/0/channel/0/rbctr_rberien, /0, /usic/0/channel/0/ccr_rsien, /0, /usic/0/channel/0/inpr_tbinp, /0, /usic/0/channel/0/rbctr_srbien, /0, /usic/0/channel/0/rbctr_srbinp, /0, /usic/0/channel/0/ccr_rien, /0, /usic/0/channel/0/inpr_rinp, /0, /usic/0/channel/0/tbctr_stbien, /0, /usic/0/channel/0/tbctr_stbinp, /0, /usic/0/channel/0/tbctr_tberien, /0, /usic/0/channel/0/tbctr_atbinp, /0, /usic/0/channel/0/ccr_tbien, /0, /usic/0/channel/0/ccr_tsien, /0, /usic/0/channel/0/inpr_tsinp, /0, /usic/0/channel/0/rbctr_dptr, /0, /usic/0/channel/0/rbctr_size, /0, /usic/0/channel/0/tbctr_dptr, /0, /usic/0/channel/0/tbctr_size, /0, /usic/0/channel/1/ccr_hpcen, /0, /usic/0/channel/1/dx1cr_dsel, /4, /usic/0/channel/1/dx0cr_dsel, /5, /usic/0/channel/1/dx5cr_dsel, /0, /usic/0/channel/1/dx3cr_dsel, /0, /usic/0/channel/1/dx4cr_dsel, /0, /usic/0/channel/1/dx2cr_dsel, /0, /usic/0/channel/1/rbctr_arbien, /1, /usic/0/channel/1/rbctr_arbinp, /1, /usic/0/channel/1/ccr_aien, /0, /usic/0/channel/1/inpr_ainp, /0, /usic/0/channel/1/ccr_brgien, /0, /usic/0/channel/1/inpr_pinp, /0, /usic/0/channel/1/ccr_dlien, /0, /usic/0/channel/1/rbctr_rberien, /0, /usic/0/channel/1/ccr_rsien, /0, /usic/0/channel/1/inpr_tbinp, /0, /usic/0/channel/1/rbctr_srbien, /1, /usic/0/channel/1/rbctr_srbinp, /1, /usic/0/channel/1/ccr_rien, /0, /usic/0/channel/1/inpr_rinp, /0, /usic/0/channel/1/tbctr_stbien, /1, /usic/0/channel/1/tbctr_stbinp, /2, /usic/0/channel/1/tbctr_tberien, /0, /usic/0/channel/1/tbctr_atbinp, /0, /usic/0/channel/1/ccr_tbien, /0, /usic/0/channel/1/ccr_tsien, /0, /usic/0/channel/1/inpr_tsinp, /0, /usic/0/channel/1/rbctr_dptr, /0, /usic/0/channel/1/rbctr_size, /4, /usic/0/channel/1/tbctr_dptr, /16, /usic/0/channel/1/tbctr_size, /4, /vadc/0/backgnd/brsctrl_xtsel, /0, /vadc/0/backgnd/brsctrl_xtwc, /0, /vadc/0/backgnd/brsctrl_gtsel, /0, /vadc/0/backgnd/brsctrl_gtwc, /0, /vadc/0/backgnd/globevnp_sev0np, /0, /vadc/0/global/emuxsel_emuxgrp0, /0, /vadc/0/global/emuxsel_emuxgrp1, /0, /vadc/0/global_result/globevnp_revnp, /0]


Aug 22, 2019 1:26:27 AM java.util.logging.LogManager$RootLogger log
INFO: Start of solver :getFeasiblePins() : Thu Aug 22 01:26:27 BST 2019


Aug 22, 2019 1:26:27 AM java.util.logging.LogManager$RootLogger log
INFO: 
timeout(ask_feasible_mapping([reserved([p,0,pad,14],'cpu_ctrl_xmc1$01695105704$0'),
reserved([p,0,pad,15],'cpu_ctrl_xmc1$01695105703$0'),
reserved([cpu,0,exception,hardfault],'cpu_ctrl_xmc1$1199990160$0'),
reserved([scu,0,dco,_],'clock_xmc1$1911737770$0'),
reserved([scu,0,ccu,config],'clock_xmc1$01005053461$0'),
reserved([usic,_,channel,_],'i2c_master$1831132142$0'),
reserved([cpu,0,nvic,interrupt,_],'i2c_master$1291447355$0'),
reserved([cpu,0,nvic,interrupt,_],'i2c_master$1291447293$0'),
reserved([p,_,pad,_],'i2c_master$495971289$0'),
reserved([p,_,pad,_],'i2c_master$495971269$0'),
reserved([devicepackage,0,_],'i2c_master$01290280497$0'),
uri([devicepackage,0,7],'i2c_master$01290280497$0'),
reserved([devicepackage,0,_],'i2c_master$01290280517$0'),
uri([devicepackage,0,8],'i2c_master$01290280517$0'),
reserved([cpu,0,systick],'systimer$311368292$0'),
reserved([p,DIGITAL_IO0sv0,pad,_],'digital_io$01310748862$0'),
reserved([devicepackage,0,_],'digital_io$1882167628$0'),
uri([devicepackage,0,17],'digital_io$1882167628$0'),
reserved([p,DIGITAL_IO1sv0,pad,_],'digital_io$01821283039$1'),
reserved([devicepackage,0,_],'digital_io$0155888661$1'),
uri([devicepackage,0,18],'digital_io$0155888661$1'),
reserved([p,DIGITAL_IO2sv0,pad,_],'digital_io$1963150080$2'),
reserved([devicepackage,0,_],'digital_io$2101022346$2'),
uri([devicepackage,0,19],'digital_io$2101022346$2'),
reserved([p,DIGITAL_IO3sv0,pad,_],'digital_io$1452615903$3'),
reserved([devicepackage,0,_],'digital_io$62966057$3'),
uri([devicepackage,0,20],'digital_io$62966057$3'),
reserved([p,DIGITAL_IO4sv0,pad,_],'digital_io$942081726$4'),
reserved([devicepackage,0,_],'digital_io$01975090232$4'),
uri([devicepackage,0,1],'digital_io$01975090232$4'),
reserved([p,DIGITAL_IO5sv0,pad,_],'digital_io$431547549$5'),
reserved([devicepackage,0,_],'digital_io$281820775$5'),
uri([devicepackage,0,4],'digital_io$281820775$5'),
reserved([p,DIGITAL_IO6sv0,pad,_],'digital_io$078986628$6'),
reserved([devicepackage,0,_],'digital_io$01756235514$6'),
uri([devicepackage,0,13],'digital_io$01756235514$6'),
reserved([ccu4,GLOBAL_CCU40sv0,global],'global_ccu4$595667498$0'),
reserved([scu,_,gcu,ccu4_global_enable,GLOBAL_CCU40sv0],'global_ccu4$507149432$0'),
reserved([ccu4,_,cc4,_],'pwm_ccu4$499502495$0'),
reserved([p,_,pad,_],'pwm_ccu4$1086477068$0'),
reserved([devicepackage,0,_],'pwm_ccu4$01856469674$0'),
signal('clock_xmc1$1911737770$0',clkout,'clock_xmc1$1911737770$0$clkout'),
signal('clock_xmc1$01005053461$0',frtc,'clock_xmc1$01005053461$0$frtc'),
signal('i2c_master$495971289$0',pad,'i2c_master$495971289$0$pad'),
signal('i2c_master$495971269$0',pad,'i2c_master$495971269$0$pad'),
signal('i2c_master$1831132142$0',dout0,'i2c_master$1831132142$0$dout0'),
signal('i2c_master$1831132142$0',dx0ins,'i2c_master$1831132142$0$dx0ins'),
signal('i2c_master$1831132142$0',dx1ins,'i2c_master$1831132142$0$dx1ins'),
signal('i2c_master$1831132142$0',sclkout,'i2c_master$1831132142$0$sclkout'),
signal('i2c_master$1831132142$0',standard_transmit_buffer_int,'i2c_master$1831132142$0$standard_transmit_buffer_int'),
signal('i2c_master$1831132142$0',standard_receive_buffer_int,'i2c_master$1831132142$0$standard_receive_buffer_int'),
signal('i2c_master$1831132142$0',alternate_receive_buffer_int,'i2c_master$1831132142$0$alternate_receive_buffer_int'),
signal('i2c_master$1831132142$0',protocol_specific_int,'i2c_master$1831132142$0$protocol_specific_int'),
signal('i2c_master$1291447355$0',signal_in,'i2c_master$1291447355$0$signal_in'),
signal('i2c_master$1291447293$0',signal_in,'i2c_master$1291447293$0$signal_in'),
signal('i2c_master$01290280497$0',pin,'i2c_master$01290280497$0$pin'),
signal('i2c_master$01290280517$0',pin,'i2c_master$01290280517$0$pin'),
signal('digital_io$01310748862$0',pad,'digital_io$01310748862$0$pad'),
signal('digital_io$1882167628$0',pin,'digital_io$1882167628$0$pin'),
signal('digital_io$01821283039$1',pad,'digital_io$01821283039$1$pad'),
signal('digital_io$0155888661$1',pin,'digital_io$0155888661$1$pin'),
signal('digital_io$1963150080$2',pad,'digital_io$1963150080$2$pad'),
signal('digital_io$2101022346$2',pin,'digital_io$2101022346$2$pin'),
signal('digital_io$1452615903$3',pad,'digital_io$1452615903$3$pad'),
signal('digital_io$62966057$3',pin,'digital_io$62966057$3$pin'),
signal('digital_io$942081726$4',pad,'digital_io$942081726$4$pad'),
signal('digital_io$01975090232$4',pin,'digital_io$01975090232$4$pin'),
signal('digital_io$431547549$5',pad,'digital_io$431547549$5$pad'),
signal('digital_io$281820775$5',pin,'digital_io$281820775$5$pin'),
signal('digital_io$078986628$6',swreg_out,'digital_io$078986628$6$swreg_out'),
signal('digital_io$078986628$6',pad,'digital_io$078986628$6$pad'),
signal('digital_io$01756235514$6',pin,'digital_io$01756235514$6$pin'),
signal('global_ccu4$595667498$0',global_signal,'global_ccu4$595667498$0$global_signal'),
signal('global_ccu4$595667498$0',clk,'global_ccu4$595667498$0$clk'),
signal('global_ccu4$507149432$0',gsc_enable,'global_ccu4$507149432$0$gsc_enable'),
signal('pwm_ccu4$499502495$0',global_signal,'pwm_ccu4$499502495$0$global_signal'),
signal('pwm_ccu4$499502495$0',st,'pwm_ccu4$499502495$0$st'),
signal('pwm_ccu4$499502495$0',out,'pwm_ccu4$499502495$0$out'),
signal('pwm_ccu4$499502495$0',gp0_unsync,'pwm_ccu4$499502495$0$gp0_unsync'),
signal('pwm_ccu4$499502495$0',gp1_unsync,'pwm_ccu4$499502495$0$gp1_unsync'),
signal('pwm_ccu4$499502495$0',gp2_unsync,'pwm_ccu4$499502495$0$gp2_unsync'),
signal('pwm_ccu4$499502495$0',gp0,'pwm_ccu4$499502495$0$gp0'),
signal('pwm_ccu4$499502495$0',gp1,'pwm_ccu4$499502495$0$gp1'),
signal('pwm_ccu4$499502495$0',gp2,'pwm_ccu4$499502495$0$gp2'),
signal('pwm_ccu4$499502495$0',ps,'pwm_ccu4$499502495$0$ps'),
signal('pwm_ccu4$499502495$0',mci,'pwm_ccu4$499502495$0$mci'),
signal('pwm_ccu4$499502495$0',mcss,'pwm_ccu4$499502495$0$mcss'),
signal('pwm_ccu4$1086477068$0',pad,'pwm_ccu4$1086477068$0$pad'),
signal('pwm_ccu4$01856469674$0',pin,'pwm_ccu4$01856469674$0$pin'),
connected('clock_xmc1$1911737770$0$clkout','clock_xmc1$01005053461$0$frtc',1),
connected('i2c_master$01290280517$0$pin','i2c_master$495971269$0$pad',1),
connected('i2c_master$01290280497$0$pin','i2c_master$495971289$0$pad',1),
connected('i2c_master$1831132142$0$sclkout','i2c_master$495971269$0$pad',1),
connected('i2c_master$1831132142$0$dout0','i2c_master$495971289$0$pad',1),
connected('i2c_master$1831132142$0$alternate_receive_buffer_int','i2c_master$1291447293$0$signal_in',1),
connected('i2c_master$1831132142$0$standard_receive_buffer_int','i2c_master$1291447293$0$signal_in',1),
connected('i2c_master$1831132142$0$standard_transmit_buffer_int','i2c_master$1291447355$0$signal_in',1),
connected('i2c_master$495971269$0$pad','i2c_master$01290280517$0$pin',1),
connected('i2c_master$495971269$0$pad','i2c_master$1831132142$0$dx1ins',1),
connected('i2c_master$495971289$0$pad','i2c_master$01290280497$0$pin',1),
connected('i2c_master$495971289$0$pad','i2c_master$1831132142$0$dx0ins',1),
connected('digital_io$1882167628$0$pin','digital_io$01310748862$0$pad',1),
connected('digital_io$01310748862$0$pad','digital_io$1882167628$0$pin',1),
connected('digital_io$0155888661$1$pin','digital_io$01821283039$1$pad',1),
connected('digital_io$01821283039$1$pad','digital_io$0155888661$1$pin',1),
connected('digital_io$2101022346$2$pin','digital_io$1963150080$2$pad',1),
connected('digital_io$1963150080$2$pad','digital_io$2101022346$2$pin',1),
connected('digital_io$62966057$3$pin','digital_io$1452615903$3$pad',1),
connected('digital_io$1452615903$3$pad','digital_io$62966057$3$pin',1),
connected('digital_io$01975090232$4$pin','digital_io$942081726$4$pad',1),
connected('digital_io$942081726$4$pad','digital_io$01975090232$4$pin',1),
connected('digital_io$281820775$5$pin','digital_io$431547549$5$pad',1),
connected('digital_io$431547549$5$pad','digital_io$281820775$5$pin',1),
connected('digital_io$01756235514$6$pin','digital_io$078986628$6$pad',1),
connected('digital_io$078986628$6$pad','digital_io$01756235514$6$pin',1),
connected('global_ccu4$595667498$0$global_signal','pwm_ccu4$499502495$0$global_signal',1),
connected('pwm_ccu4$01856469674$0$pin','pwm_ccu4$1086477068$0$pad',1),
connected('pwm_ccu4$499502495$0$out','pwm_ccu4$1086477068$0$pad',1),
connected('pwm_ccu4$1086477068$0$pad','pwm_ccu4$01856469674$0$pin',1),
uri_element_range(DIGITAL_IO1sv0,[0, 1, 2, 3, 4]),
uri_element_range(DIGITAL_IO6sv0,[0, 1, 2, 3, 4]),
register_value('digital_io$078986628$6',iocr_oe,1),
register_value('i2c_master$1831132142$0',tbctr_size,4),
register_value('i2c_master$1831132142$0',rbctr_size,4),
uri_element_range(DIGITAL_IO5sv0,[0, 1, 2, 3, 4]),
uri_element_range(DIGITAL_IO0sv0,[0, 1, 2, 3, 4]),
uri_element_range(DIGITAL_IO3sv0,[0, 1, 2, 3, 4]),
uri_element_range(DIGITAL_IO4sv0,[0, 1, 2, 3, 4]),
uri_element_range(DIGITAL_IO2sv0,[0, 1, 2, 3, 4])],'pwm_ccu4$01856469674$0',Result),15,writeln(timeout),all_solution, Timer, Due, Remainder).



Aug 22, 2019 1:26:27 AM java.util.logging.LogManager$RootLogger log
INFO: 
End of solver : getFeasiblePins() :  Difference in ms 33


Aug 22, 2019 1:26:27 AM java.util.logging.LogManager$RootLogger log
INFO: [/devicepackage/0/14, /devicepackage/0/11, /devicepackage/0/12, /devicepackage/0/15, /devicepackage/0/16, /devicepackage/0/2]


Aug 22, 2019 1:26:27 AM java.util.logging.LogManager$RootLogger log
INFO: Start of solver :getFeasiblePins() : Thu Aug 22 01:26:27 BST 2019


Aug 22, 2019 1:26:27 AM java.util.logging.LogManager$RootLogger log
INFO: 
timeout(ask_feasible_mapping([reserved([p,0,pad,14],'cpu_ctrl_xmc1$01695105704$0'),
reserved([p,0,pad,15],'cpu_ctrl_xmc1$01695105703$0'),
reserved([cpu,0,exception,hardfault],'cpu_ctrl_xmc1$1199990160$0'),
reserved([scu,0,dco,_],'clock_xmc1$1911737770$0'),
reserved([scu,0,ccu,config],'clock_xmc1$01005053461$0'),
reserved([usic,_,channel,_],'i2c_master$1831132142$0'),
reserved([cpu,0,nvic,interrupt,_],'i2c_master$1291447355$0'),
reserved([cpu,0,nvic,interrupt,_],'i2c_master$1291447293$0'),
reserved([p,_,pad,_],'i2c_master$495971289$0'),
reserved([p,_,pad,_],'i2c_master$495971269$0'),
reserved([devicepackage,0,_],'i2c_master$01290280497$0'),
uri([devicepackage,0,7],'i2c_master$01290280497$0'),
reserved([devicepackage,0,_],'i2c_master$01290280517$0'),
uri([devicepackage,0,8],'i2c_master$01290280517$0'),
reserved([cpu,0,systick],'systimer$311368292$0'),
reserved([p,DIGITAL_IO0sv0,pad,_],'digital_io$01310748862$0'),
reserved([devicepackage,0,_],'digital_io$1882167628$0'),
uri([devicepackage,0,17],'digital_io$1882167628$0'),
reserved([p,DIGITAL_IO1sv0,pad,_],'digital_io$01821283039$1'),
reserved([devicepackage,0,_],'digital_io$0155888661$1'),
uri([devicepackage,0,18],'digital_io$0155888661$1'),
reserved([p,DIGITAL_IO2sv0,pad,_],'digital_io$1963150080$2'),
reserved([devicepackage,0,_],'digital_io$2101022346$2'),
uri([devicepackage,0,19],'digital_io$2101022346$2'),
reserved([p,DIGITAL_IO3sv0,pad,_],'digital_io$1452615903$3'),
reserved([devicepackage,0,_],'digital_io$62966057$3'),
uri([devicepackage,0,20],'digital_io$62966057$3'),
reserved([p,DIGITAL_IO4sv0,pad,_],'digital_io$942081726$4'),
reserved([devicepackage,0,_],'digital_io$01975090232$4'),
uri([devicepackage,0,1],'digital_io$01975090232$4'),
reserved([p,DIGITAL_IO5sv0,pad,_],'digital_io$431547549$5'),
reserved([devicepackage,0,_],'digital_io$281820775$5'),
uri([devicepackage,0,4],'digital_io$281820775$5'),
reserved([p,DIGITAL_IO6sv0,pad,_],'digital_io$078986628$6'),
reserved([devicepackage,0,_],'digital_io$01756235514$6'),
uri([devicepackage,0,13],'digital_io$01756235514$6'),
reserved([ccu4,GLOBAL_CCU40sv0,global],'global_ccu4$595667498$0'),
reserved([scu,_,gcu,ccu4_global_enable,GLOBAL_CCU40sv0],'global_ccu4$507149432$0'),
reserved([ccu4,_,cc4,_],'pwm_ccu4$499502495$0'),
reserved([p,_,pad,_],'pwm_ccu4$1086477068$0'),
reserved([devicepackage,0,_],'pwm_ccu4$01856469674$0'),
signal('clock_xmc1$1911737770$0',clkout,'clock_xmc1$1911737770$0$clkout'),
signal('clock_xmc1$01005053461$0',frtc,'clock_xmc1$01005053461$0$frtc'),
signal('i2c_master$495971289$0',pad,'i2c_master$495971289$0$pad'),
signal('i2c_master$495971269$0',pad,'i2c_master$495971269$0$pad'),
signal('i2c_master$1831132142$0',dout0,'i2c_master$1831132142$0$dout0'),
signal('i2c_master$1831132142$0',dx0ins,'i2c_master$1831132142$0$dx0ins'),
signal('i2c_master$1831132142$0',dx1ins,'i2c_master$1831132142$0$dx1ins'),
signal('i2c_master$1831132142$0',sclkout,'i2c_master$1831132142$0$sclkout'),
signal('i2c_master$1831132142$0',standard_transmit_buffer_int,'i2c_master$1831132142$0$standard_transmit_buffer_int'),
signal('i2c_master$1831132142$0',standard_receive_buffer_int,'i2c_master$1831132142$0$standard_receive_buffer_int'),
signal('i2c_master$1831132142$0',alternate_receive_buffer_int,'i2c_master$1831132142$0$alternate_receive_buffer_int'),
signal('i2c_master$1831132142$0',protocol_specific_int,'i2c_master$1831132142$0$protocol_specific_int'),
signal('i2c_master$1291447355$0',signal_in,'i2c_master$1291447355$0$signal_in'),
signal('i2c_master$1291447293$0',signal_in,'i2c_master$1291447293$0$signal_in'),
signal('i2c_master$01290280497$0',pin,'i2c_master$01290280497$0$pin'),
signal('i2c_master$01290280517$0',pin,'i2c_master$01290280517$0$pin'),
signal('digital_io$01310748862$0',pad,'digital_io$01310748862$0$pad'),
signal('digital_io$1882167628$0',pin,'digital_io$1882167628$0$pin'),
signal('digital_io$01821283039$1',pad,'digital_io$01821283039$1$pad'),
signal('digital_io$0155888661$1',pin,'digital_io$0155888661$1$pin'),
signal('digital_io$1963150080$2',pad,'digital_io$1963150080$2$pad'),
signal('digital_io$2101022346$2',pin,'digital_io$2101022346$2$pin'),
signal('digital_io$1452615903$3',pad,'digital_io$1452615903$3$pad'),
signal('digital_io$62966057$3',pin,'digital_io$62966057$3$pin'),
signal('digital_io$942081726$4',pad,'digital_io$942081726$4$pad'),
signal('digital_io$01975090232$4',pin,'digital_io$01975090232$4$pin'),
signal('digital_io$431547549$5',pad,'digital_io$431547549$5$pad'),
signal('digital_io$281820775$5',pin,'digital_io$281820775$5$pin'),
signal('digital_io$078986628$6',swreg_out,'digital_io$078986628$6$swreg_out'),
signal('digital_io$078986628$6',pad,'digital_io$078986628$6$pad'),
signal('digital_io$01756235514$6',pin,'digital_io$01756235514$6$pin'),
signal('global_ccu4$595667498$0',global_signal,'global_ccu4$595667498$0$global_signal'),
signal('global_ccu4$595667498$0',clk,'global_ccu4$595667498$0$clk'),
signal('global_ccu4$507149432$0',gsc_enable,'global_ccu4$507149432$0$gsc_enable'),
signal('pwm_ccu4$499502495$0',global_signal,'pwm_ccu4$499502495$0$global_signal'),
signal('pwm_ccu4$499502495$0',st,'pwm_ccu4$499502495$0$st'),
signal('pwm_ccu4$499502495$0',out,'pwm_ccu4$499502495$0$out'),
signal('pwm_ccu4$499502495$0',gp0_unsync,'pwm_ccu4$499502495$0$gp0_unsync'),
signal('pwm_ccu4$499502495$0',gp1_unsync,'pwm_ccu4$499502495$0$gp1_unsync'),
signal('pwm_ccu4$499502495$0',gp2_unsync,'pwm_ccu4$499502495$0$gp2_unsync'),
signal('pwm_ccu4$499502495$0',gp0,'pwm_ccu4$499502495$0$gp0'),
signal('pwm_ccu4$499502495$0',gp1,'pwm_ccu4$499502495$0$gp1'),
signal('pwm_ccu4$499502495$0',gp2,'pwm_ccu4$499502495$0$gp2'),
signal('pwm_ccu4$499502495$0',ps,'pwm_ccu4$499502495$0$ps'),
signal('pwm_ccu4$499502495$0',mci,'pwm_ccu4$499502495$0$mci'),
signal('pwm_ccu4$499502495$0',mcss,'pwm_ccu4$499502495$0$mcss'),
signal('pwm_ccu4$1086477068$0',pad,'pwm_ccu4$1086477068$0$pad'),
signal('pwm_ccu4$01856469674$0',pin,'pwm_ccu4$01856469674$0$pin'),
connected('clock_xmc1$1911737770$0$clkout','clock_xmc1$01005053461$0$frtc',1),
connected('i2c_master$01290280517$0$pin','i2c_master$495971269$0$pad',1),
connected('i2c_master$01290280497$0$pin','i2c_master$495971289$0$pad',1),
connected('i2c_master$1831132142$0$sclkout','i2c_master$495971269$0$pad',1),
connected('i2c_master$1831132142$0$dout0','i2c_master$495971289$0$pad',1),
connected('i2c_master$1831132142$0$alternate_receive_buffer_int','i2c_master$1291447293$0$signal_in',1),
connected('i2c_master$1831132142$0$standard_receive_buffer_int','i2c_master$1291447293$0$signal_in',1),
connected('i2c_master$1831132142$0$standard_transmit_buffer_int','i2c_master$1291447355$0$signal_in',1),
connected('i2c_master$495971269$0$pad','i2c_master$01290280517$0$pin',1),
connected('i2c_master$495971269$0$pad','i2c_master$1831132142$0$dx1ins',1),
connected('i2c_master$495971289$0$pad','i2c_master$01290280497$0$pin',1),
connected('i2c_master$495971289$0$pad','i2c_master$1831132142$0$dx0ins',1),
connected('digital_io$1882167628$0$pin','digital_io$01310748862$0$pad',1),
connected('digital_io$01310748862$0$pad','digital_io$1882167628$0$pin',1),
connected('digital_io$0155888661$1$pin','digital_io$01821283039$1$pad',1),
connected('digital_io$01821283039$1$pad','digital_io$0155888661$1$pin',1),
connected('digital_io$2101022346$2$pin','digital_io$1963150080$2$pad',1),
connected('digital_io$1963150080$2$pad','digital_io$2101022346$2$pin',1),
connected('digital_io$62966057$3$pin','digital_io$1452615903$3$pad',1),
connected('digital_io$1452615903$3$pad','digital_io$62966057$3$pin',1),
connected('digital_io$01975090232$4$pin','digital_io$942081726$4$pad',1),
connected('digital_io$942081726$4$pad','digital_io$01975090232$4$pin',1),
connected('digital_io$281820775$5$pin','digital_io$431547549$5$pad',1),
connected('digital_io$431547549$5$pad','digital_io$281820775$5$pin',1),
connected('digital_io$01756235514$6$pin','digital_io$078986628$6$pad',1),
connected('digital_io$078986628$6$pad','digital_io$01756235514$6$pin',1),
connected('global_ccu4$595667498$0$global_signal','pwm_ccu4$499502495$0$global_signal',1),
connected('pwm_ccu4$01856469674$0$pin','pwm_ccu4$1086477068$0$pad',1),
connected('pwm_ccu4$499502495$0$out','pwm_ccu4$1086477068$0$pad',1),
connected('pwm_ccu4$1086477068$0$pad','pwm_ccu4$01856469674$0$pin',1),
uri_element_range(DIGITAL_IO1sv0,[0, 1, 2, 3, 4]),
uri_element_range(DIGITAL_IO6sv0,[0, 1, 2, 3, 4]),
register_value('digital_io$078986628$6',iocr_oe,1),
register_value('i2c_master$1831132142$0',tbctr_size,4),
register_value('i2c_master$1831132142$0',rbctr_size,4),
uri_element_range(DIGITAL_IO5sv0,[0, 1, 2, 3, 4]),
uri_element_range(DIGITAL_IO0sv0,[0, 1, 2, 3, 4]),
uri_element_range(DIGITAL_IO3sv0,[0, 1, 2, 3, 4]),
uri_element_range(DIGITAL_IO4sv0,[0, 1, 2, 3, 4]),
uri_element_range(DIGITAL_IO2sv0,[0, 1, 2, 3, 4])],'pwm_ccu4$01856469674$0',Result),15,writeln(timeout),all_solution, Timer, Due, Remainder).



Aug 22, 2019 1:26:27 AM java.util.logging.LogManager$RootLogger log
INFO: 
End of solver : getFeasiblePins() :  Difference in ms 40


Aug 22, 2019 1:26:27 AM java.util.logging.LogManager$RootLogger log
INFO: [/devicepackage/0/14, /devicepackage/0/11, /devicepackage/0/12, /devicepackage/0/15, /devicepackage/0/16, /devicepackage/0/2]


