   1              	 .cpu cortex-m0
   2              	 .fpu softvfp
   3              	 .eabi_attribute 20,1
   4              	 .eabi_attribute 21,1
   5              	 .eabi_attribute 23,3
   6              	 .eabi_attribute 24,1
   7              	 .eabi_attribute 25,1
   8              	 .eabi_attribute 26,1
   9              	 .eabi_attribute 30,6
  10              	 .eabi_attribute 34,0
  11              	 .eabi_attribute 18,4
  12              	 .code 16
  13              	 .file "clock_xmc1_conf.c"
  14              	 .text
  15              	.Ltext0:
  16              	 .cfi_sections .debug_frame
  17              	 .global CLOCK_XMC1_0
  18              	 .section .bss.CLOCK_XMC1_0,"aw",%nobits
  19              	 .align 2
  22              	CLOCK_XMC1_0:
  23 0000 00       	 .space 1
  24 0001 000000   	 .section .rodata
  25              	 .align 2
  26              	.LC0:
  27 0000 00       	 .byte 0
  28 0001 01       	 .byte 1
  29 0002 0000     	 .space 2
  30 0004 00000100 	 .word 65536
  31 0008 00000000 	 .word 0
  32              	 .section .text.SystemCoreClockSetup,"ax",%progbits
  33              	 .align 2
  34              	 .global SystemCoreClockSetup
  35              	 .code 16
  36              	 .thumb_func
  38              	SystemCoreClockSetup:
  39              	.LFB50:
  40              	 .file 1 "../Dave/Generated/CLOCK_XMC1/clock_xmc1_conf.c"
   1:../Dave/Generated/CLOCK_XMC1/clock_xmc1_conf.c **** /**************************************************************************************************
   2:../Dave/Generated/CLOCK_XMC1/clock_xmc1_conf.c **** * DAVE APP Name : CLOCK_XMC1       APP Version: 4.0.18
   3:../Dave/Generated/CLOCK_XMC1/clock_xmc1_conf.c **** *
   4:../Dave/Generated/CLOCK_XMC1/clock_xmc1_conf.c **** * NOTE:
   5:../Dave/Generated/CLOCK_XMC1/clock_xmc1_conf.c **** * This file is generated by DAVE. Any manual modification done to this file will be lost when the c
   6:../Dave/Generated/CLOCK_XMC1/clock_xmc1_conf.c **** ***************************************************************************************************
   7:../Dave/Generated/CLOCK_XMC1/clock_xmc1_conf.c **** 
   8:../Dave/Generated/CLOCK_XMC1/clock_xmc1_conf.c **** /**
   9:../Dave/Generated/CLOCK_XMC1/clock_xmc1_conf.c ****  * @cond
  10:../Dave/Generated/CLOCK_XMC1/clock_xmc1_conf.c ****  **************************************************************************************************
  11:../Dave/Generated/CLOCK_XMC1/clock_xmc1_conf.c ****  *
  12:../Dave/Generated/CLOCK_XMC1/clock_xmc1_conf.c ****  * Copyright (c) 2015, Infineon Technologies AG
  13:../Dave/Generated/CLOCK_XMC1/clock_xmc1_conf.c ****  * All rights reserved.
  14:../Dave/Generated/CLOCK_XMC1/clock_xmc1_conf.c ****  *
  15:../Dave/Generated/CLOCK_XMC1/clock_xmc1_conf.c ****  * Redistribution and use in source and binary forms, with or without modification,are permitted pr
  16:../Dave/Generated/CLOCK_XMC1/clock_xmc1_conf.c ****  * following conditions are met:
  17:../Dave/Generated/CLOCK_XMC1/clock_xmc1_conf.c ****  *
  18:../Dave/Generated/CLOCK_XMC1/clock_xmc1_conf.c ****  *   Redistributions of source code must retain the above copyright notice, this list of conditions
  19:../Dave/Generated/CLOCK_XMC1/clock_xmc1_conf.c ****  *   disclaimer.
  20:../Dave/Generated/CLOCK_XMC1/clock_xmc1_conf.c ****  *
  21:../Dave/Generated/CLOCK_XMC1/clock_xmc1_conf.c ****  *   Redistributions in binary form must reproduce the above copyright notice, this list of conditi
  22:../Dave/Generated/CLOCK_XMC1/clock_xmc1_conf.c ****  *   following disclaimer in the documentation and/or other materials provided with the distributio
  23:../Dave/Generated/CLOCK_XMC1/clock_xmc1_conf.c ****  *
  24:../Dave/Generated/CLOCK_XMC1/clock_xmc1_conf.c ****  *   Neither the name of the copyright holders nor the names of its contributors may be used to end
  25:../Dave/Generated/CLOCK_XMC1/clock_xmc1_conf.c ****  *   products derived from this software without specific prior written permission.
  26:../Dave/Generated/CLOCK_XMC1/clock_xmc1_conf.c ****  *
  27:../Dave/Generated/CLOCK_XMC1/clock_xmc1_conf.c ****  * THIS SOFTWARE IS PROVIDED BY THE COPYRIGHT HOLDERS AND CONTRIBUTORS "AS IS" AND ANY EXPRESS OR I
  28:../Dave/Generated/CLOCK_XMC1/clock_xmc1_conf.c ****  * INCLUDING, BUT NOT LIMITED TO, THE IMPLIED WARRANTIES OF MERCHANTABILITY AND FITNESS FOR A PARTI
  29:../Dave/Generated/CLOCK_XMC1/clock_xmc1_conf.c ****  * DISCLAIMED. IN NO EVENT SHALL THE COPYRIGHT HOLDER OR CONTRIBUTORS BE LIABLE  FOR ANY DIRECT, IN
  30:../Dave/Generated/CLOCK_XMC1/clock_xmc1_conf.c ****  * SPECIAL, EXEMPLARY, OR CONSEQUENTIAL DAMAGES (INCLUDING, BUT NOT LIMITED TO, PROCUREMENT OF SUBS
  31:../Dave/Generated/CLOCK_XMC1/clock_xmc1_conf.c ****  * SERVICES; LOSS OF USE, DATA, OR PROFITS; OR BUSINESS INTERRUPTION) HOWEVER CAUSED AND ON ANY THE
  32:../Dave/Generated/CLOCK_XMC1/clock_xmc1_conf.c ****  * WHETHER IN CONTRACT, STRICT LIABILITY,OR TORT (INCLUDING NEGLIGENCE OR OTHERWISE) ARISING IN ANY
  33:../Dave/Generated/CLOCK_XMC1/clock_xmc1_conf.c ****  * USE OF THIS SOFTWARE, EVEN IF ADVISED OF THE POSSIBILITY OF SUCH DAMAGE.
  34:../Dave/Generated/CLOCK_XMC1/clock_xmc1_conf.c ****  *
  35:../Dave/Generated/CLOCK_XMC1/clock_xmc1_conf.c ****  * To improve the quality of the software, users are encouraged to share modifications, enhancement
  36:../Dave/Generated/CLOCK_XMC1/clock_xmc1_conf.c ****  * with Infineon Technologies AG (dave@infineon.com).
  37:../Dave/Generated/CLOCK_XMC1/clock_xmc1_conf.c ****  **************************************************************************************************
  38:../Dave/Generated/CLOCK_XMC1/clock_xmc1_conf.c ****  *
  39:../Dave/Generated/CLOCK_XMC1/clock_xmc1_conf.c ****  * Change History
  40:../Dave/Generated/CLOCK_XMC1/clock_xmc1_conf.c ****  * --------------
  41:../Dave/Generated/CLOCK_XMC1/clock_xmc1_conf.c ****  * 2015-02-16:
  42:../Dave/Generated/CLOCK_XMC1/clock_xmc1_conf.c ****  *     - Initial version for DAVEv4. <BR>
  43:../Dave/Generated/CLOCK_XMC1/clock_xmc1_conf.c ****  * 2015-05-08:
  44:../Dave/Generated/CLOCK_XMC1/clock_xmc1_conf.c ****  *     - Internal structure object name has changed. <br>
  45:../Dave/Generated/CLOCK_XMC1/clock_xmc1_conf.c ****  * 2015-10-15:
  46:../Dave/Generated/CLOCK_XMC1/clock_xmc1_conf.c ****  *     - Updated for changes made in GUI combo options. <br>
  47:../Dave/Generated/CLOCK_XMC1/clock_xmc1_conf.c ****  * 2016-07-08:
  48:../Dave/Generated/CLOCK_XMC1/clock_xmc1_conf.c ****  *     - Fixed incorrect case for an included header.<br>
  49:../Dave/Generated/CLOCK_XMC1/clock_xmc1_conf.c ****  *
  50:../Dave/Generated/CLOCK_XMC1/clock_xmc1_conf.c ****  * @endcond
  51:../Dave/Generated/CLOCK_XMC1/clock_xmc1_conf.c ****  *
  52:../Dave/Generated/CLOCK_XMC1/clock_xmc1_conf.c ****  */
  53:../Dave/Generated/CLOCK_XMC1/clock_xmc1_conf.c **** /**************************************************************************************************
  54:../Dave/Generated/CLOCK_XMC1/clock_xmc1_conf.c ****  * HEADER FILES
  55:../Dave/Generated/CLOCK_XMC1/clock_xmc1_conf.c ****  **************************************************************************************************
  56:../Dave/Generated/CLOCK_XMC1/clock_xmc1_conf.c **** #include "clock_xmc1.h"
  57:../Dave/Generated/CLOCK_XMC1/clock_xmc1_conf.c **** 
  58:../Dave/Generated/CLOCK_XMC1/clock_xmc1_conf.c **** /**************************************************************************************************
  59:../Dave/Generated/CLOCK_XMC1/clock_xmc1_conf.c **** * DATA STRUCTURES
  60:../Dave/Generated/CLOCK_XMC1/clock_xmc1_conf.c **** ***************************************************************************************************
  61:../Dave/Generated/CLOCK_XMC1/clock_xmc1_conf.c **** CLOCK_XMC1_t CLOCK_XMC1_0 =
  62:../Dave/Generated/CLOCK_XMC1/clock_xmc1_conf.c **** {
  63:../Dave/Generated/CLOCK_XMC1/clock_xmc1_conf.c ****   .init_status = false
  64:../Dave/Generated/CLOCK_XMC1/clock_xmc1_conf.c **** };
  65:../Dave/Generated/CLOCK_XMC1/clock_xmc1_conf.c **** 
  66:../Dave/Generated/CLOCK_XMC1/clock_xmc1_conf.c **** /**************************************************************************************************
  67:../Dave/Generated/CLOCK_XMC1/clock_xmc1_conf.c **** * API IMPLEMENTATION
  68:../Dave/Generated/CLOCK_XMC1/clock_xmc1_conf.c **** ***************************************************************************************************
  69:../Dave/Generated/CLOCK_XMC1/clock_xmc1_conf.c **** void SystemCoreClockSetup(void)
  70:../Dave/Generated/CLOCK_XMC1/clock_xmc1_conf.c **** {
  41              	 .loc 1 70 0
  42              	 .cfi_startproc
  43 0000 90B5     	 push {r4,r7,lr}
  44              	.LCFI0:
  45              	 .cfi_def_cfa_offset 12
  46              	 .cfi_offset 4,-12
  47              	 .cfi_offset 7,-8
  48              	 .cfi_offset 14,-4
  49 0002 85B0     	 sub sp,sp,#20
  50              	.LCFI1:
  51              	 .cfi_def_cfa_offset 32
  52 0004 00AF     	 add r7,sp,#0
  53              	.LCFI2:
  54              	 .cfi_def_cfa_register 7
  71:../Dave/Generated/CLOCK_XMC1/clock_xmc1_conf.c **** /* LOCAL DATA STRUCTURES */
  72:../Dave/Generated/CLOCK_XMC1/clock_xmc1_conf.c **** const XMC_SCU_CLOCK_CONFIG_t CLOCK_XMC1_0_CONFIG =
  55              	 .loc 1 72 0
  56 0006 3B1D     	 add r3,r7,#4
  57 0008 044A     	 ldr r2,.L2
  58 000a 13CA     	 ldmia r2!,{r0,r1,r4}
  59 000c 13C3     	 stmia r3!,{r0,r1,r4}
  73:../Dave/Generated/CLOCK_XMC1/clock_xmc1_conf.c **** {
  74:../Dave/Generated/CLOCK_XMC1/clock_xmc1_conf.c ****   .pclk_src = XMC_SCU_CLOCK_PCLKSRC_DOUBLE_MCLK, 
  75:../Dave/Generated/CLOCK_XMC1/clock_xmc1_conf.c ****   .rtc_src = XMC_SCU_CLOCK_RTCCLKSRC_DCO2,    
  76:../Dave/Generated/CLOCK_XMC1/clock_xmc1_conf.c ****   .fdiv = 0U,  /**< 8/10 Bit Fractional divider */
  77:../Dave/Generated/CLOCK_XMC1/clock_xmc1_conf.c ****   .idiv = 1U,  /**< 8 Bit integer divider */
  78:../Dave/Generated/CLOCK_XMC1/clock_xmc1_conf.c **** 
  79:../Dave/Generated/CLOCK_XMC1/clock_xmc1_conf.c **** };
  80:../Dave/Generated/CLOCK_XMC1/clock_xmc1_conf.c **** 
  81:../Dave/Generated/CLOCK_XMC1/clock_xmc1_conf.c ****   /* Configure FDIV, IDIV, PCLKSEL dividers*/
  82:../Dave/Generated/CLOCK_XMC1/clock_xmc1_conf.c ****   XMC_SCU_CLOCK_Init(&CLOCK_XMC1_0_CONFIG);
  60              	 .loc 1 82 0
  61 000e 3B1D     	 add r3,r7,#4
  62 0010 181C     	 mov r0,r3
  63 0012 FFF7FEFF 	 bl XMC_SCU_CLOCK_Init
  83:../Dave/Generated/CLOCK_XMC1/clock_xmc1_conf.c **** }
  64              	 .loc 1 83 0
  65 0016 BD46     	 mov sp,r7
  66 0018 05B0     	 add sp,sp,#20
  67              	 
  68 001a 90BD     	 pop {r4,r7,pc}
  69              	.L3:
  70              	 .align 2
  71              	.L2:
  72 001c 00000000 	 .word .LC0
  73              	 .cfi_endproc
  74              	.LFE50:
  76              	 .text
  77              	.Letext0:
  78              	 .file 2 "c:\\davev4-64bit\\dave-4.3.2\\eclipse\\arm-gcc-49\\arm-none-eabi\\include\\machine\\_default_types.h"
  79              	 .file 3 "c:\\davev4-64bit\\dave-4.3.2\\eclipse\\arm-gcc-49\\arm-none-eabi\\include\\stdint.h"
  80              	 .file 4 "C:/c_root/electronics/DAVE_work_2019/pocket-nim/Libraries/XMCLib/inc/xmc1_scu.h"
  81              	 .file 5 "../Dave/Generated/CLOCK_XMC1/clock_xmc1.h"
  82              	 .file 6 "C:/c_root/electronics/DAVE_work_2019/pocket-nim/Libraries/CMSIS/Infineon/XMC1100_series/Include/system_XMC1100.h"
DEFINED SYMBOLS
                            *ABS*:00000000 clock_xmc1_conf.c
    {standard input}:22     .bss.CLOCK_XMC1_0:00000000 CLOCK_XMC1_0
    {standard input}:19     .bss.CLOCK_XMC1_0:00000000 $d
    {standard input}:25     .rodata:00000000 $d
    {standard input}:33     .text.SystemCoreClockSetup:00000000 $t
    {standard input}:38     .text.SystemCoreClockSetup:00000000 SystemCoreClockSetup
    {standard input}:72     .text.SystemCoreClockSetup:0000001c $d
                     .debug_frame:00000010 $d

UNDEFINED SYMBOLS
XMC_SCU_CLOCK_Init
